<?xml version="1.0" encoding="UTF-8"?>
<!-- Generated by org.testng.reporters.JUnitReportReporter -->
<testsuite hostname="DESKTOP-0DSGCN8" failures="0" tests="4" name="com.testrunner.TestngFile" time="32.742" errors="0" timestamp="27 Apr 2023 05:45:33 GMT" skipped="0">
  <testcase classname="com.testrunner.TestngFile" name="details" time="17.114"/>
  <testcase classname="com.testrunner.TestngFile" name="priceDetails" time="1.452"/>
  <testcase classname="com.testrunner.TestngFile" name="select" time="3.929"/>
  <testcase classname="com.testrunner.TestngFile" name="date" time="10.247"/>
</testsuite> <!-- com.testrunner.TestngFile -->
